<?xml version="1.0" encoding="UTF-8"?>
<testsuite xmlns:xsi="http://www.w3.org/2001/XMLSchema-instance" xsi:noNamespaceSchemaLocation="https://maven.apache.org/surefire/maven-surefire-plugin/xsd/surefire-test-report-3.0.xsd" version="3.0" name="ServiceNow.ServiceNowRunners.RunCOVIDDashRegressionTest" time="222.602" tests="7" errors="1" skipped="0" failures="0">
  <properties>
[...]
</properties>
  <testcase name="Validating Study Submission without attaching a Related URL" classname="COVID Dashboard" time="44.692"/>
  <testcase name="Validating Study Submission with attaching multiple Related URL&apos;s" classname="COVID Dashboard" time="43.027"/>
  <testcase name="Verifying a user is not able to submit a study form when not attaching an IRB Protocol Document" classname="COVID Dashboard" time="23.079"/>
  <testcase name="Verifying Home Page verbiage" classname="COVID Dashboard" time="15.877"/>
  <testcase name="Verifying empty field messages" classname="COVID Dashboard" time="15.263"/>
  <testcase name="Verifying Study Form Submission as a Reviewer" classname="COVID Dashboard" time="49.064">
    <error message="Index 1 out of bounds for length 1" type="java.lang.IndexOutOfBoundsException"><![CDATA[java.lang.IndexOutOfBoundsException: Index 1 out of bounds for length 1
]]></error>
    <system-out><![CDATA[Starting Scenario: Verifying Study Form Submission as a Reviewer
192356 [main] INFO  com.nci.automation.utils.CucumberLogUtils  - Environment: Test (https://service-test.nci.nih.gov/nih-covid-19-dashboard?xpage=landing_pub)
Ending Scenario: Verifying Study Form Submission as a Reviewer
]]></system-out>
    <system-err><![CDATA[Starting ChromeDriver 84.0.4147.30 (48b3e868b4cc0aa7e8149519690b6f6949e110a8-refs/branch-heads/4147@{#310}) on port 39385
Only local connections are allowed.
Please see https://chromedriver.chromium.org/security-considerations for suggestions on keeping ChromeDriver safe.
ChromeDriver was started successfully.
Aug 13, 2020 1:27:59 PM org.openqa.selenium.remote.ProtocolHandshake createSession
INFO: Detected dialect: W3C
]]></system-err>
  </testcase>
  <testcase name="Reviewer Login" classname="Login" time="31.456"/>
</testsuite>