[
  {
    "line": 2,
    "elements": [
      {
        "start_timestamp": "2021-02-26T01:20:13.648Z",
        "before": [
          {
            "result": {
              "error_message": "java.lang.IllegalStateException: The driver executable does not exist: /Users/diegojuarez/backupworkspace/CBIIT-Test-Automation/src/main/java/com/drivers/chromedriver\n\tat com.google.common.base.Preconditions.checkState(Preconditions.java:585)\n\tat org.openqa.selenium.remote.service.DriverService.checkExecutable(DriverService.java:146)\n\tat org.openqa.selenium.remote.service.DriverService.findExecutable(DriverService.java:141)\n\tat org.openqa.selenium.chrome.ChromeDriverService.access$000(ChromeDriverService.java:35)\n\tat org.openqa.selenium.chrome.ChromeDriverService$Builder.findDefaultExecutable(ChromeDriverService.java:159)\n\tat org.openqa.selenium.remote.service.DriverService$Builder.build(DriverService.java:355)\n\tat org.openqa.selenium.chrome.ChromeDriverService.createDefaultService(ChromeDriverService.java:94)\n\tat org.openqa.selenium.chrome.ChromeDriver.\u003cinit\u003e(ChromeDriver.java:157)\n\tat com.nci.automation.web.WebDriverUtils.getWebDriver(WebDriverUtils.java:61)\n\tat ServiceNow.SEER.Steps.HooksSteps.genericSetUp(HooksSteps.java:34)\n\tat java.base/jdk.internal.reflect.NativeMethodAccessorImpl.invoke0(Native Method)\n\tat java.base/jdk.internal.reflect.NativeMethodAccessorImpl.invoke(NativeMethodAccessorImpl.java:64)\n\tat java.base/jdk.internal.reflect.DelegatingMethodAccessorImpl.invoke(DelegatingMethodAccessorImpl.java:43)\n\tat java.base/java.lang.reflect.Method.invoke(Method.java:564)\n\tat cucumber.runtime.Utils$1.call(Utils.java:26)\n\tat cucumber.runtime.Timeout.timeout(Timeout.java:16)\n\tat cucumber.runtime.Utils.invoke(Utils.java:20)\n\tat cucumber.runtime.java.JavaHookDefinition.execute(JavaHookDefinition.java:60)\n\tat cucumber.runner.HookDefinitionMatch.runStep(HookDefinitionMatch.java:16)\n\tat cucumber.runner.TestStep.executeStep(TestStep.java:65)\n\tat cucumber.runner.TestStep.run(TestStep.java:50)\n\tat cucumber.runner.TestCase.run(TestCase.java:42)\n\tat cucumber.runner.Runner.runPickle(Runner.java:49)\n\tat cucumber.runtime.junit.PickleRunners$NoStepDescriptions.run(PickleRunners.java:146)\n\tat cucumber.runtime.junit.FeatureRunner.runChild(FeatureRunner.java:68)\n\tat cucumber.runtime.junit.FeatureRunner.runChild(FeatureRunner.java:23)\n\tat org.junit.runners.ParentRunner$3.run(ParentRunner.java:290)\n\tat org.junit.runners.ParentRunner$1.schedule(ParentRunner.java:71)\n\tat org.junit.runners.ParentRunner.runChildren(ParentRunner.java:288)\n\tat org.junit.runners.ParentRunner.access$000(ParentRunner.java:58)\n\tat org.junit.runners.ParentRunner$2.evaluate(ParentRunner.java:268)\n\tat org.junit.runners.ParentRunner.run(ParentRunner.java:363)\n\tat cucumber.runtime.junit.FeatureRunner.run(FeatureRunner.java:73)\n\tat cucumber.api.junit.Cucumber.runChild(Cucumber.java:123)\n\tat cucumber.api.junit.Cucumber.runChild(Cucumber.java:65)\n\tat org.junit.runners.ParentRunner$3.run(ParentRunner.java:290)\n\tat org.junit.runners.ParentRunner$1.schedule(ParentRunner.java:71)\n\tat org.junit.runners.ParentRunner.runChildren(ParentRunner.java:288)\n\tat org.junit.runners.ParentRunner.access$000(ParentRunner.java:58)\n\tat org.junit.runners.ParentRunner$2.evaluate(ParentRunner.java:268)\n\tat cucumber.api.junit.Cucumber$RunCucumber.evaluate(Cucumber.java:147)\n\tat org.junit.internal.runners.statements.RunBefores.evaluate(RunBefores.java:26)\n\tat org.junit.runners.ParentRunner.run(ParentRunner.java:363)\n\tat org.eclipse.jdt.internal.junit4.runner.JUnit4TestReference.run(JUnit4TestReference.java:89)\n\tat org.eclipse.jdt.internal.junit.runner.TestExecution.run(TestExecution.java:41)\n\tat org.eclipse.jdt.internal.junit.runner.RemoteTestRunner.runTests(RemoteTestRunner.java:542)\n\tat org.eclipse.jdt.internal.junit.runner.RemoteTestRunner.runTests(RemoteTestRunner.java:770)\n\tat org.eclipse.jdt.internal.junit.runner.RemoteTestRunner.run(RemoteTestRunner.java:464)\n\tat org.eclipse.jdt.internal.junit.runner.RemoteTestRunner.main(RemoteTestRunner.java:210)\n",
              "duration": 90740872,
              "status": "failed"
            },
            "match": {
              "location": "HooksSteps.genericSetUp(Scenario)"
            }
          }
        ],
        "line": 5,
        "name": "Verifying Request Database Access text",
        "description": "",
        "id": "seer-data-access-landing-page-scenarios;verifying-request-database-access-text",
        "after": [
          {
            "result": {
              "duration": 28005,
              "status": "passed"
            },
            "match": {
              "location": "HooksSteps.genericTearDown(Scenario)"
            }
          }
        ],
        "type": "scenario",
        "keyword": "Scenario",
        "steps": [
          {
            "result": {
              "duration": 23739,
              "status": "skipped"
            },
            "line": 6,
            "name": "a user is on the SEER Data Access landing page",
            "match": {
              "location": "SEERLandingPageSteps.a_user_is_on_the_SEER_Data_Access_landing_page()"
            },
            "keyword": "Given "
          },
          {
            "result": {
              "duration": 5464,
              "status": "skipped"
            },
            "line": 7,
            "name": "the \"Request Database Access\" text displays as",
            "match": {
              "arguments": [
                {
                  "val": "\"Request Database Access\"",
                  "offset": 4
                }
              ],
              "location": "SEERLandingPageSteps.the_text_displays_as(String,String)"
            },
            "keyword": "Then ",
            "doc_string": {
              "line": 8,
              "value": "Request Database Access\nTo request access to the SEER Incidence Databases, you will need to create a new SEER*Stat account by registering. For immediate access to the SEER Research Plus Databases, you will need to register with your eRA Commons credentials using the Institutional Account Login. If you do not have an eRA commons login and are not affiliated with an Institute, you will need to use the Non-Institutional Account, and will receive access to the SEER Research Database.\nIf you are affiliated with an Institute and have an institutional email account (.edu, .gov, .org), you must use your eRA Commons credentials to request the SEER data.\nExisting SEER*Stat account holders can upgrade access to the Research Plus Databases by logging in with your SEER*Stat Username and registered email address.\nOnly users who have already used this system to request a new, non-Institutional account can upgrade an existing account. All other users should follow steps to create a new account."
            }
          }
        ],
        "tags": [
          {
            "name": "@Smoke"
          },
          {
            "name": "@juarezds"
          }
        ]
      },
      {
        "start_timestamp": "2021-02-26T01:20:13.746Z",
        "before": [
          {
            "result": {
              "error_message": "java.lang.IllegalStateException: The driver executable does not exist: /Users/diegojuarez/backupworkspace/CBIIT-Test-Automation/src/main/java/com/drivers/chromedriver\n\tat com.google.common.base.Preconditions.checkState(Preconditions.java:585)\n\tat org.openqa.selenium.remote.service.DriverService.checkExecutable(DriverService.java:146)\n\tat org.openqa.selenium.remote.service.DriverService.findExecutable(DriverService.java:141)\n\tat org.openqa.selenium.chrome.ChromeDriverService.access$000(ChromeDriverService.java:35)\n\tat org.openqa.selenium.chrome.ChromeDriverService$Builder.findDefaultExecutable(ChromeDriverService.java:159)\n\tat org.openqa.selenium.remote.service.DriverService$Builder.build(DriverService.java:355)\n\tat org.openqa.selenium.chrome.ChromeDriverService.createDefaultService(ChromeDriverService.java:94)\n\tat org.openqa.selenium.chrome.ChromeDriver.\u003cinit\u003e(ChromeDriver.java:157)\n\tat com.nci.automation.web.WebDriverUtils.getWebDriver(WebDriverUtils.java:61)\n\tat ServiceNow.SEER.Steps.HooksSteps.genericSetUp(HooksSteps.java:34)\n\tat java.base/jdk.internal.reflect.NativeMethodAccessorImpl.invoke0(Native Method)\n\tat java.base/jdk.internal.reflect.NativeMethodAccessorImpl.invoke(NativeMethodAccessorImpl.java:64)\n\tat java.base/jdk.internal.reflect.DelegatingMethodAccessorImpl.invoke(DelegatingMethodAccessorImpl.java:43)\n\tat java.base/java.lang.reflect.Method.invoke(Method.java:564)\n\tat cucumber.runtime.Utils$1.call(Utils.java:26)\n\tat cucumber.runtime.Timeout.timeout(Timeout.java:16)\n\tat cucumber.runtime.Utils.invoke(Utils.java:20)\n\tat cucumber.runtime.java.JavaHookDefinition.execute(JavaHookDefinition.java:60)\n\tat cucumber.runner.HookDefinitionMatch.runStep(HookDefinitionMatch.java:16)\n\tat cucumber.runner.TestStep.executeStep(TestStep.java:65)\n\tat cucumber.runner.TestStep.run(TestStep.java:50)\n\tat cucumber.runner.TestCase.run(TestCase.java:42)\n\tat cucumber.runner.Runner.runPickle(Runner.java:49)\n\tat cucumber.runtime.junit.PickleRunners$NoStepDescriptions.run(PickleRunners.java:146)\n\tat cucumber.runtime.junit.FeatureRunner.runChild(FeatureRunner.java:68)\n\tat cucumber.runtime.junit.FeatureRunner.runChild(FeatureRunner.java:23)\n\tat org.junit.runners.ParentRunner$3.run(ParentRunner.java:290)\n\tat org.junit.runners.ParentRunner$1.schedule(ParentRunner.java:71)\n\tat org.junit.runners.ParentRunner.runChildren(ParentRunner.java:288)\n\tat org.junit.runners.ParentRunner.access$000(ParentRunner.java:58)\n\tat org.junit.runners.ParentRunner$2.evaluate(ParentRunner.java:268)\n\tat org.junit.runners.ParentRunner.run(ParentRunner.java:363)\n\tat cucumber.runtime.junit.FeatureRunner.run(FeatureRunner.java:73)\n\tat cucumber.api.junit.Cucumber.runChild(Cucumber.java:123)\n\tat cucumber.api.junit.Cucumber.runChild(Cucumber.java:65)\n\tat org.junit.runners.ParentRunner$3.run(ParentRunner.java:290)\n\tat org.junit.runners.ParentRunner$1.schedule(ParentRunner.java:71)\n\tat org.junit.runners.ParentRunner.runChildren(ParentRunner.java:288)\n\tat org.junit.runners.ParentRunner.access$000(ParentRunner.java:58)\n\tat org.junit.runners.ParentRunner$2.evaluate(ParentRunner.java:268)\n\tat cucumber.api.junit.Cucumber$RunCucumber.evaluate(Cucumber.java:147)\n\tat org.junit.internal.runners.statements.RunBefores.evaluate(RunBefores.java:26)\n\tat org.junit.runners.ParentRunner.run(ParentRunner.java:363)\n\tat org.eclipse.jdt.internal.junit4.runner.JUnit4TestReference.run(JUnit4TestReference.java:89)\n\tat org.eclipse.jdt.internal.junit.runner.TestExecution.run(TestExecution.java:41)\n\tat org.eclipse.jdt.internal.junit.runner.RemoteTestRunner.runTests(RemoteTestRunner.java:542)\n\tat org.eclipse.jdt.internal.junit.runner.RemoteTestRunner.runTests(RemoteTestRunner.java:770)\n\tat org.eclipse.jdt.internal.junit.runner.RemoteTestRunner.run(RemoteTestRunner.java:464)\n\tat org.eclipse.jdt.internal.junit.runner.RemoteTestRunner.main(RemoteTestRunner.java:210)\n",
              "duration": 995210,
              "status": "failed"
            },
            "match": {
              "location": "HooksSteps.genericSetUp(Scenario)"
            }
          }
        ],
        "line": 17,
        "name": "Verifying Institutional Accounts, Non-Institutional Accounts, Existing SEER*Stat Account Holders text on landing page",
        "description": "",
        "id": "seer-data-access-landing-page-scenarios;verifying-institutional-accounts--non-institutional-accounts--existing-seer*stat-account-holders-text-on-landing-page",
        "after": [
          {
            "result": {
              "duration": 30637,
              "status": "passed"
            },
            "match": {
              "location": "HooksSteps.genericTearDown(Scenario)"
            }
          }
        ],
        "type": "scenario",
        "keyword": "Scenario",
        "steps": [
          {
            "result": {
              "duration": 19580,
              "status": "skipped"
            },
            "line": 18,
            "name": "a user is on the SEER Data Access landing page",
            "match": {
              "location": "SEERLandingPageSteps.a_user_is_on_the_SEER_Data_Access_landing_page()"
            },
            "keyword": "Given "
          },
          {
            "result": {
              "duration": 4517,
              "status": "skipped"
            },
            "line": 19,
            "name": "under \"Institutional Accounts\" the text displayed is",
            "match": {
              "arguments": [
                {
                  "val": "\"Institutional Accounts\"",
                  "offset": 6
                }
              ],
              "location": "SEERLandingPageSteps.under_the_text_displayed_is(String,String)"
            },
            "keyword": "Then ",
            "doc_string": {
              "line": 20,
              "value": "Do you have an account affiliated with a research organization?\nExamples include: eRA commons login, NIH, HHS, etc."
            }
          },
          {
            "result": {
              "duration": 4289,
              "status": "skipped"
            },
            "line": 24,
            "name": "the text displayed is \"* If you are unable to authenticate, please use the Non-institutional option.\"",
            "match": {
              "arguments": [
                {
                  "val": "\"* If you are unable to authenticate, please use the Non-institutional option.\"",
                  "offset": 22
                }
              ],
              "location": "SEERLandingPageSteps.the_text_displayed_is(String)"
            },
            "keyword": "And "
          },
          {
            "result": {
              "duration": 3873,
              "status": "skipped"
            },
            "line": 25,
            "name": "under \"Non-Institutional Accounts\", text displayed is",
            "match": {
              "arguments": [
                {
                  "val": "\"Non-Institutional Accounts\"",
                  "offset": 6
                }
              ],
              "location": "SEERLandingPageSteps.under_text_displayed_is(String,String)"
            },
            "keyword": "And ",
            "doc_string": {
              "line": 26,
              "value": "For all other accounts, please enter your email to continue.\nExamples include Google or Yahoo accounts."
            }
          },
          {
            "result": {
              "duration": 3802,
              "status": "skipped"
            },
            "line": 30,
            "name": "under \"Existing SEER*Stat Account Holders\" text displayed is \"Please enter your current SEER*Stat Username and the email address you used to request access to other databases.\" and \"Request SEER Research Plus Databases\"",
            "match": {
              "arguments": [
                {
                  "val": "\"Existing SEER*Stat Account Holders\"",
                  "offset": 6
                },
                {
                  "val": "\"Please enter your current SEER*Stat Username and the email address you used to request access to other databases.\"",
                  "offset": 61
                },
                {
                  "val": "\"Request SEER Research Plus Databases\"",
                  "offset": 181
                }
              ],
              "location": "SEERLandingPageSteps.under_text_displayed_is_and(String,String,String)"
            },
            "keyword": "And "
          }
        ],
        "tags": [
          {
            "name": "@Smoke"
          },
          {
            "name": "@juarezds"
          }
        ]
      }
    ],
    "name": "SEER Data Access Landing Page Scenarios",
    "description": "",
    "id": "seer-data-access-landing-page-scenarios",
    "keyword": "Feature",
    "uri": "file:src/test/java/ServiceNow/SEER/Features/LandingPage.feature",
    "tags": []
  },
  {
    "line": 2,
    "elements": [
      {
        "start_timestamp": "2021-02-26T01:20:13.750Z",
        "before": [
          {
            "result": {
              "error_message": "java.lang.IllegalStateException: The driver executable does not exist: /Users/diegojuarez/backupworkspace/CBIIT-Test-Automation/src/main/java/com/drivers/chromedriver\n\tat com.google.common.base.Preconditions.checkState(Preconditions.java:585)\n\tat org.openqa.selenium.remote.service.DriverService.checkExecutable(DriverService.java:146)\n\tat org.openqa.selenium.remote.service.DriverService.findExecutable(DriverService.java:141)\n\tat org.openqa.selenium.chrome.ChromeDriverService.access$000(ChromeDriverService.java:35)\n\tat org.openqa.selenium.chrome.ChromeDriverService$Builder.findDefaultExecutable(ChromeDriverService.java:159)\n\tat org.openqa.selenium.remote.service.DriverService$Builder.build(DriverService.java:355)\n\tat org.openqa.selenium.chrome.ChromeDriverService.createDefaultService(ChromeDriverService.java:94)\n\tat org.openqa.selenium.chrome.ChromeDriver.\u003cinit\u003e(ChromeDriver.java:157)\n\tat com.nci.automation.web.WebDriverUtils.getWebDriver(WebDriverUtils.java:61)\n\tat ServiceNow.SEER.Steps.HooksSteps.genericSetUp(HooksSteps.java:34)\n\tat java.base/jdk.internal.reflect.NativeMethodAccessorImpl.invoke0(Native Method)\n\tat java.base/jdk.internal.reflect.NativeMethodAccessorImpl.invoke(NativeMethodAccessorImpl.java:64)\n\tat java.base/jdk.internal.reflect.DelegatingMethodAccessorImpl.invoke(DelegatingMethodAccessorImpl.java:43)\n\tat java.base/java.lang.reflect.Method.invoke(Method.java:564)\n\tat cucumber.runtime.Utils$1.call(Utils.java:26)\n\tat cucumber.runtime.Timeout.timeout(Timeout.java:16)\n\tat cucumber.runtime.Utils.invoke(Utils.java:20)\n\tat cucumber.runtime.java.JavaHookDefinition.execute(JavaHookDefinition.java:60)\n\tat cucumber.runner.HookDefinitionMatch.runStep(HookDefinitionMatch.java:16)\n\tat cucumber.runner.TestStep.executeStep(TestStep.java:65)\n\tat cucumber.runner.TestStep.run(TestStep.java:50)\n\tat cucumber.runner.TestCase.run(TestCase.java:42)\n\tat cucumber.runner.Runner.runPickle(Runner.java:49)\n\tat cucumber.runtime.junit.PickleRunners$NoStepDescriptions.run(PickleRunners.java:146)\n\tat cucumber.runtime.junit.FeatureRunner.runChild(FeatureRunner.java:68)\n\tat cucumber.runtime.junit.FeatureRunner.runChild(FeatureRunner.java:23)\n\tat org.junit.runners.ParentRunner$3.run(ParentRunner.java:290)\n\tat org.junit.runners.ParentRunner$1.schedule(ParentRunner.java:71)\n\tat org.junit.runners.ParentRunner.runChildren(ParentRunner.java:288)\n\tat org.junit.runners.ParentRunner.access$000(ParentRunner.java:58)\n\tat org.junit.runners.ParentRunner$2.evaluate(ParentRunner.java:268)\n\tat org.junit.runners.ParentRunner.run(ParentRunner.java:363)\n\tat cucumber.runtime.junit.FeatureRunner.run(FeatureRunner.java:73)\n\tat cucumber.api.junit.Cucumber.runChild(Cucumber.java:123)\n\tat cucumber.api.junit.Cucumber.runChild(Cucumber.java:65)\n\tat org.junit.runners.ParentRunner$3.run(ParentRunner.java:290)\n\tat org.junit.runners.ParentRunner$1.schedule(ParentRunner.java:71)\n\tat org.junit.runners.ParentRunner.runChildren(ParentRunner.java:288)\n\tat org.junit.runners.ParentRunner.access$000(ParentRunner.java:58)\n\tat org.junit.runners.ParentRunner$2.evaluate(ParentRunner.java:268)\n\tat cucumber.api.junit.Cucumber$RunCucumber.evaluate(Cucumber.java:147)\n\tat org.junit.internal.runners.statements.RunBefores.evaluate(RunBefores.java:26)\n\tat org.junit.runners.ParentRunner.run(ParentRunner.java:363)\n\tat org.eclipse.jdt.internal.junit4.runner.JUnit4TestReference.run(JUnit4TestReference.java:89)\n\tat org.eclipse.jdt.internal.junit.runner.TestExecution.run(TestExecution.java:41)\n\tat org.eclipse.jdt.internal.junit.runner.RemoteTestRunner.runTests(RemoteTestRunner.java:542)\n\tat org.eclipse.jdt.internal.junit.runner.RemoteTestRunner.runTests(RemoteTestRunner.java:770)\n\tat org.eclipse.jdt.internal.junit.runner.RemoteTestRunner.run(RemoteTestRunner.java:464)\n\tat org.eclipse.jdt.internal.junit.runner.RemoteTestRunner.main(RemoteTestRunner.java:210)\n",
              "duration": 1242879,
              "status": "failed"
            },
            "match": {
              "location": "HooksSteps.genericSetUp(Scenario)"
            }
          }
        ],
        "line": 5,
        "name": "Non-Institutional flow - Verifying SEER Data Access Request page contents and agreements for Non-Institutional flow",
        "description": "",
        "id": "seer-data-access-request-scenarios;non-institutional-flow---verifying-seer-data-access-request-page-contents-and-agreements-for-non-institutional-flow",
        "after": [
          {
            "result": {
              "duration": 47131,
              "status": "passed"
            },
            "match": {
              "location": "HooksSteps.genericTearDown(Scenario)"
            }
          }
        ],
        "type": "scenario",
        "keyword": "Scenario",
        "steps": [
          {
            "result": {
              "duration": 8290,
              "status": "skipped"
            },
            "line": 6,
            "name": "a SEER User Registration has been successfully submitted",
            "match": {
              "location": "SEERDataAccessRequestPageSteps.a_SEER_User_Registration_has_been_successfully_submitted()"
            },
            "keyword": "Given "
          },
          {
            "result": {
              "duration": 4565,
              "status": "skipped"
            },
            "line": 7,
            "name": "user verifies email address by clicking on the email verification link that is sent to the user after submitting a SEER User registration form",
            "match": {
              "location": "SEERDataAccessRequestPageSteps.user_verifies_email_address_by_clicking_on_the_email_verification_link_that_is_sent_to_the_user_after_submitting_a_SEER_User_registration_form()"
            },
            "keyword": "And "
          },
          {
            "result": {
              "duration": 4044,
              "status": "skipped"
            },
            "line": 8,
            "name": "the user is directed to the \u0027SEER Data Access Request\u0027 page",
            "match": {
              "arguments": [
                {
                  "val": "\u0027SEER Data Access Request\u0027",
                  "offset": 28
                }
              ],
              "location": "SEERDataAccessRequestPageSteps.the_user_is_directed_to_the_page(String)"
            },
            "keyword": "Then "
          },
          {
            "result": {
              "duration": 3820,
              "status": "skipped"
            },
            "line": 9,
            "name": "the \u0027Requested for\u0027 field contains the name of the requestor in read-only format",
            "match": {
              "arguments": [
                {
                  "val": "\u0027Requested for\u0027",
                  "offset": 4
                }
              ],
              "location": "SEERDataAccessRequestPageSteps.the_field_contains_the_name_of_the_requestor_in_read_only_format(String)"
            },
            "keyword": "And "
          },
          {
            "result": {
              "duration": 4011,
              "status": "skipped"
            },
            "line": 10,
            "name": "the \u0027Database type\u0027 field displays with \u0027SEER Research Database\u0027 in read-only format",
            "match": {
              "arguments": [
                {
                  "val": "\u0027Database type\u0027",
                  "offset": 4
                },
                {
                  "val": "\u0027SEER Research Database\u0027",
                  "offset": 40
                }
              ],
              "location": "SEERDataAccessRequestPageSteps.the_field_displays_with_in_read_only_format(String,String)"
            },
            "keyword": "And "
          },
          {
            "result": {
              "duration": 3939,
              "status": "skipped"
            },
            "line": 11,
            "name": "the user can select a general purpose for using the data",
            "match": {
              "location": "SEERDataAccessRequestPageSteps.the_user_can_select_a_general_purpose_for_using_the_data()"
            },
            "keyword": "And "
          },
          {
            "result": {
              "duration": 4591,
              "status": "skipped"
            },
            "line": 12,
            "name": "before entering initials for \u0027Data Use Agreement Certification\u0027 the Initials text box displays with the users initials in read-only mode",
            "match": {
              "arguments": [
                {
                  "val": "\u0027Data Use Agreement Certification\u0027",
                  "offset": 29
                }
              ],
              "location": "SEERDataAccessRequestPageSteps.before_entering_initials_for_the_Initials_text_box_displays_with_the_users_initials_in_read_only_mode(String)"
            },
            "keyword": "And "
          },
          {
            "result": {
              "duration": 6664,
              "status": "skipped"
            },
            "line": 13,
            "name": "the Data Use Agreement Certification text agreement displayed",
            "match": {
              "location": "SEERDataAccessRequestPageSteps.the_Data_Use_Agreement_Certification_text_agreement_displayed()"
            },
            "keyword": "And "
          },
          {
            "result": {
              "duration": 5403,
              "status": "skipped"
            },
            "line": 14,
            "name": "before entering initials for \u0027Best Practice Assurance\u0027, the users initials display in read only format",
            "match": {
              "arguments": [
                {
                  "val": "\u0027Best Practice Assurance\u0027",
                  "offset": 29
                }
              ],
              "location": "SEERDataAccessRequestPageSteps.before_entering_initials_for_the_users_initials_display_in_read_only_format(String)"
            },
            "keyword": "And "
          },
          {
            "result": {
              "duration": 8808,
              "status": "skipped"
            },
            "line": 15,
            "name": "the Best Practice Assurance text displayed",
            "match": {
              "location": "SEERDataAccessRequestPageSteps.the_Best_Practice_Assurance_text_displayed()"
            },
            "keyword": "And "
          },
          {
            "result": {
              "duration": 6840,
              "status": "skipped"
            },
            "line": 16,
            "name": "when the user scrolls down each agreement",
            "match": {
              "location": "SEERDataAccessRequestPageSteps.when_the_user_scrolls_down_each_agreement()"
            },
            "keyword": "And "
          },
          {
            "result": {
              "duration": 6264,
              "status": "skipped"
            },
            "line": 17,
            "name": "the user is able to enter intials",
            "match": {
              "location": "SEERDataAccessRequestPageSteps.the_user_is_able_to_enter_intials()"
            },
            "keyword": "Then "
          },
          {
            "result": {
              "duration": 6228,
              "status": "skipped"
            },
            "line": 18,
            "name": "SEER information is displayed on the bottom of the page as follows:",
            "match": {
              "location": "SEERDataAccessRequestPageSteps.seer_information_is_displayed_on_the_bottom_of_the_page_as_follows(String)"
            },
            "keyword": "And ",
            "doc_string": {
              "line": 19,
              "value": "SEER is supported by the Surveillance Research Program (SRP) in NCI\u0027s Division of Cancer Control and Population Sciences (DCCPS). SRP provides national leadership in the science of cancer surveillance as well as analytical tools and methodological expertise in collecting, analyzing, interpreting, and disseminating reliable population-based statistics."
            }
          },
          {
            "result": {
              "duration": 6028,
              "status": "skipped"
            },
            "line": 22,
            "name": "after entering required information, the user is able to successfully submit the SEER Data Access Request form",
            "match": {
              "location": "SEERDataAccessRequestPageSteps.after_entering_required_information_the_user_is_able_to_successfully_submit_the_SEER_Data_Access_Request_form()"
            },
            "keyword": "Then "
          }
        ],
        "tags": [
          {
            "name": "@Smoke"
          },
          {
            "name": "@juarezds"
          }
        ]
      }
    ],
    "name": "SEER Data Access Request Scenarios",
    "description": "",
    "id": "seer-data-access-request-scenarios",
    "keyword": "Feature",
    "uri": "file:src/test/java/ServiceNow/SEER/Features/SEERDataAccessRequestPage.feature",
    "tags": []
  },
  {
    "line": 2,
    "elements": [
      {
        "start_timestamp": "2021-02-26T01:20:13.753Z",
        "before": [
          {
            "result": {
              "error_message": "java.lang.IllegalStateException: The driver executable does not exist: /Users/diegojuarez/backupworkspace/CBIIT-Test-Automation/src/main/java/com/drivers/chromedriver\n\tat com.google.common.base.Preconditions.checkState(Preconditions.java:585)\n\tat org.openqa.selenium.remote.service.DriverService.checkExecutable(DriverService.java:146)\n\tat org.openqa.selenium.remote.service.DriverService.findExecutable(DriverService.java:141)\n\tat org.openqa.selenium.chrome.ChromeDriverService.access$000(ChromeDriverService.java:35)\n\tat org.openqa.selenium.chrome.ChromeDriverService$Builder.findDefaultExecutable(ChromeDriverService.java:159)\n\tat org.openqa.selenium.remote.service.DriverService$Builder.build(DriverService.java:355)\n\tat org.openqa.selenium.chrome.ChromeDriverService.createDefaultService(ChromeDriverService.java:94)\n\tat org.openqa.selenium.chrome.ChromeDriver.\u003cinit\u003e(ChromeDriver.java:157)\n\tat com.nci.automation.web.WebDriverUtils.getWebDriver(WebDriverUtils.java:61)\n\tat ServiceNow.SEER.Steps.HooksSteps.genericSetUp(HooksSteps.java:34)\n\tat java.base/jdk.internal.reflect.NativeMethodAccessorImpl.invoke0(Native Method)\n\tat java.base/jdk.internal.reflect.NativeMethodAccessorImpl.invoke(NativeMethodAccessorImpl.java:64)\n\tat java.base/jdk.internal.reflect.DelegatingMethodAccessorImpl.invoke(DelegatingMethodAccessorImpl.java:43)\n\tat java.base/java.lang.reflect.Method.invoke(Method.java:564)\n\tat cucumber.runtime.Utils$1.call(Utils.java:26)\n\tat cucumber.runtime.Timeout.timeout(Timeout.java:16)\n\tat cucumber.runtime.Utils.invoke(Utils.java:20)\n\tat cucumber.runtime.java.JavaHookDefinition.execute(JavaHookDefinition.java:60)\n\tat cucumber.runner.HookDefinitionMatch.runStep(HookDefinitionMatch.java:16)\n\tat cucumber.runner.TestStep.executeStep(TestStep.java:65)\n\tat cucumber.runner.TestStep.run(TestStep.java:50)\n\tat cucumber.runner.TestCase.run(TestCase.java:42)\n\tat cucumber.runner.Runner.runPickle(Runner.java:49)\n\tat cucumber.runtime.junit.PickleRunners$NoStepDescriptions.run(PickleRunners.java:146)\n\tat cucumber.runtime.junit.FeatureRunner.runChild(FeatureRunner.java:68)\n\tat cucumber.runtime.junit.FeatureRunner.runChild(FeatureRunner.java:23)\n\tat org.junit.runners.ParentRunner$3.run(ParentRunner.java:290)\n\tat org.junit.runners.ParentRunner$1.schedule(ParentRunner.java:71)\n\tat org.junit.runners.ParentRunner.runChildren(ParentRunner.java:288)\n\tat org.junit.runners.ParentRunner.access$000(ParentRunner.java:58)\n\tat org.junit.runners.ParentRunner$2.evaluate(ParentRunner.java:268)\n\tat org.junit.runners.ParentRunner.run(ParentRunner.java:363)\n\tat cucumber.runtime.junit.FeatureRunner.run(FeatureRunner.java:73)\n\tat cucumber.api.junit.Cucumber.runChild(Cucumber.java:123)\n\tat cucumber.api.junit.Cucumber.runChild(Cucumber.java:65)\n\tat org.junit.runners.ParentRunner$3.run(ParentRunner.java:290)\n\tat org.junit.runners.ParentRunner$1.schedule(ParentRunner.java:71)\n\tat org.junit.runners.ParentRunner.runChildren(ParentRunner.java:288)\n\tat org.junit.runners.ParentRunner.access$000(ParentRunner.java:58)\n\tat org.junit.runners.ParentRunner$2.evaluate(ParentRunner.java:268)\n\tat cucumber.api.junit.Cucumber$RunCucumber.evaluate(Cucumber.java:147)\n\tat org.junit.internal.runners.statements.RunBefores.evaluate(RunBefores.java:26)\n\tat org.junit.runners.ParentRunner.run(ParentRunner.java:363)\n\tat org.eclipse.jdt.internal.junit4.runner.JUnit4TestReference.run(JUnit4TestReference.java:89)\n\tat org.eclipse.jdt.internal.junit.runner.TestExecution.run(TestExecution.java:41)\n\tat org.eclipse.jdt.internal.junit.runner.RemoteTestRunner.runTests(RemoteTestRunner.java:542)\n\tat org.eclipse.jdt.internal.junit.runner.RemoteTestRunner.runTests(RemoteTestRunner.java:770)\n\tat org.eclipse.jdt.internal.junit.runner.RemoteTestRunner.run(RemoteTestRunner.java:464)\n\tat org.eclipse.jdt.internal.junit.runner.RemoteTestRunner.main(RemoteTestRunner.java:210)\n",
              "duration": 773008,
              "status": "failed"
            },
            "match": {
              "location": "HooksSteps.genericSetUp(Scenario)"
            }
          }
        ],
        "line": 5,
        "name": "Verifying Undergraduate or Graduate students get directed to landing page when selecting \u0027Undergraduate or Graduate Student\u0027 for \u0027Which of these best describe you?\u0027 on the SEER Registration Page",
        "description": "",
        "id": "seer-user-registration-scenarios;verifying-undergraduate-or-graduate-students-get-directed-to-landing-page-when-selecting--undergraduate-or-graduate-student--for--which-of-these-best-describe-you?--on-the-seer-registration-page",
        "after": [
          {
            "result": {
              "duration": 17650,
              "status": "passed"
            },
            "match": {
              "location": "HooksSteps.genericTearDown(Scenario)"
            }
          }
        ],
        "type": "scenario",
        "keyword": "Scenario",
        "steps": [
          {
            "result": {
              "duration": 6445,
              "status": "skipped"
            },
            "line": 6,
            "name": "a user is on the SEER Data Access landing page",
            "match": {
              "location": "SEERLandingPageSteps.a_user_is_on_the_SEER_Data_Access_landing_page()"
            },
            "keyword": "Given "
          },
          {
            "result": {
              "duration": 4524,
              "status": "skipped"
            },
            "line": 7,
            "name": "the user enters an email address as \"test@mail.com\" and continues with the email verification for Non-Institutional Accounts",
            "match": {
              "arguments": [
                {
                  "val": "\"test@mail.com\"",
                  "offset": 36
                }
              ],
              "location": "SEERUserRegistrationPageSteps.the_user_enters_an_email_address_as_and_continues_with_the_email_verification_for_Non_Institutional_Accounts(String)"
            },
            "keyword": "When "
          },
          {
            "result": {
              "duration": 4382,
              "status": "skipped"
            },
            "line": 8,
            "name": "fills out the SEER Registration form",
            "match": {
              "location": "SEERUserRegistrationPageSteps.fills_out_the_SEER_Registration_form()"
            },
            "keyword": "And "
          },
          {
            "result": {
              "duration": 4319,
              "status": "skipped"
            },
            "line": 9,
            "name": "for \u0027Which of these best describe you?\u0027 selects \u0027Undergraduate or Graduate Student\u0027",
            "match": {
              "arguments": [
                {
                  "val": "\u0027Which of these best describe you?\u0027",
                  "offset": 4
                },
                {
                  "val": "\u0027Undergraduate or Graduate Student\u0027",
                  "offset": 48
                }
              ],
              "location": "SEERUserRegistrationPageSteps.for_selects(String,String)"
            },
            "keyword": "And "
          },
          {
            "result": {
              "duration": 4246,
              "status": "skipped"
            },
            "line": 10,
            "name": "the user is directed back to the landing page with a message indicating the user must request access via the Institutional Accounts option",
            "match": {
              "location": "SEERUserRegistrationPageSteps.the_user_is_directed_back_to_the_landing_page_with_a_message_indicating_the_user_must_request_access_via_the_Institutional_Accounts_option()"
            },
            "keyword": "Then "
          }
        ],
        "tags": [
          {
            "name": "@Smoke"
          },
          {
            "name": "@juarezds"
          }
        ]
      },
      {
        "start_timestamp": "2021-02-26T01:20:13.755Z",
        "before": [
          {
            "result": {
              "error_message": "java.lang.IllegalStateException: The driver executable does not exist: /Users/diegojuarez/backupworkspace/CBIIT-Test-Automation/src/main/java/com/drivers/chromedriver\n\tat com.google.common.base.Preconditions.checkState(Preconditions.java:585)\n\tat org.openqa.selenium.remote.service.DriverService.checkExecutable(DriverService.java:146)\n\tat org.openqa.selenium.remote.service.DriverService.findExecutable(DriverService.java:141)\n\tat org.openqa.selenium.chrome.ChromeDriverService.access$000(ChromeDriverService.java:35)\n\tat org.openqa.selenium.chrome.ChromeDriverService$Builder.findDefaultExecutable(ChromeDriverService.java:159)\n\tat org.openqa.selenium.remote.service.DriverService$Builder.build(DriverService.java:355)\n\tat org.openqa.selenium.chrome.ChromeDriverService.createDefaultService(ChromeDriverService.java:94)\n\tat org.openqa.selenium.chrome.ChromeDriver.\u003cinit\u003e(ChromeDriver.java:157)\n\tat com.nci.automation.web.WebDriverUtils.getWebDriver(WebDriverUtils.java:61)\n\tat ServiceNow.SEER.Steps.HooksSteps.genericSetUp(HooksSteps.java:34)\n\tat java.base/jdk.internal.reflect.NativeMethodAccessorImpl.invoke0(Native Method)\n\tat java.base/jdk.internal.reflect.NativeMethodAccessorImpl.invoke(NativeMethodAccessorImpl.java:64)\n\tat java.base/jdk.internal.reflect.DelegatingMethodAccessorImpl.invoke(DelegatingMethodAccessorImpl.java:43)\n\tat java.base/java.lang.reflect.Method.invoke(Method.java:564)\n\tat cucumber.runtime.Utils$1.call(Utils.java:26)\n\tat cucumber.runtime.Timeout.timeout(Timeout.java:16)\n\tat cucumber.runtime.Utils.invoke(Utils.java:20)\n\tat cucumber.runtime.java.JavaHookDefinition.execute(JavaHookDefinition.java:60)\n\tat cucumber.runner.HookDefinitionMatch.runStep(HookDefinitionMatch.java:16)\n\tat cucumber.runner.TestStep.executeStep(TestStep.java:65)\n\tat cucumber.runner.TestStep.run(TestStep.java:50)\n\tat cucumber.runner.TestCase.run(TestCase.java:42)\n\tat cucumber.runner.Runner.runPickle(Runner.java:49)\n\tat cucumber.runtime.junit.PickleRunners$NoStepDescriptions.run(PickleRunners.java:146)\n\tat cucumber.runtime.junit.FeatureRunner.runChild(FeatureRunner.java:68)\n\tat cucumber.runtime.junit.FeatureRunner.runChild(FeatureRunner.java:23)\n\tat org.junit.runners.ParentRunner$3.run(ParentRunner.java:290)\n\tat org.junit.runners.ParentRunner$1.schedule(ParentRunner.java:71)\n\tat org.junit.runners.ParentRunner.runChildren(ParentRunner.java:288)\n\tat org.junit.runners.ParentRunner.access$000(ParentRunner.java:58)\n\tat org.junit.runners.ParentRunner$2.evaluate(ParentRunner.java:268)\n\tat org.junit.runners.ParentRunner.run(ParentRunner.java:363)\n\tat cucumber.runtime.junit.FeatureRunner.run(FeatureRunner.java:73)\n\tat cucumber.api.junit.Cucumber.runChild(Cucumber.java:123)\n\tat cucumber.api.junit.Cucumber.runChild(Cucumber.java:65)\n\tat org.junit.runners.ParentRunner$3.run(ParentRunner.java:290)\n\tat org.junit.runners.ParentRunner$1.schedule(ParentRunner.java:71)\n\tat org.junit.runners.ParentRunner.runChildren(ParentRunner.java:288)\n\tat org.junit.runners.ParentRunner.access$000(ParentRunner.java:58)\n\tat org.junit.runners.ParentRunner$2.evaluate(ParentRunner.java:268)\n\tat cucumber.api.junit.Cucumber$RunCucumber.evaluate(Cucumber.java:147)\n\tat org.junit.internal.runners.statements.RunBefores.evaluate(RunBefores.java:26)\n\tat org.junit.runners.ParentRunner.run(ParentRunner.java:363)\n\tat org.eclipse.jdt.internal.junit4.runner.JUnit4TestReference.run(JUnit4TestReference.java:89)\n\tat org.eclipse.jdt.internal.junit.runner.TestExecution.run(TestExecution.java:41)\n\tat org.eclipse.jdt.internal.junit.runner.RemoteTestRunner.runTests(RemoteTestRunner.java:542)\n\tat org.eclipse.jdt.internal.junit.runner.RemoteTestRunner.runTests(RemoteTestRunner.java:770)\n\tat org.eclipse.jdt.internal.junit.runner.RemoteTestRunner.run(RemoteTestRunner.java:464)\n\tat org.eclipse.jdt.internal.junit.runner.RemoteTestRunner.main(RemoteTestRunner.java:210)\n",
              "duration": 683778,
              "status": "failed"
            },
            "match": {
              "location": "HooksSteps.genericSetUp(Scenario)"
            }
          }
        ],
        "line": 13,
        "name": "Verifying Sate and Zip code fields are required when selecting United States of America for Country field",
        "description": "",
        "id": "seer-user-registration-scenarios;verifying-sate-and-zip-code-fields-are-required-when-selecting-united-states-of-america-for-country-field",
        "after": [
          {
            "result": {
              "duration": 14749,
              "status": "passed"
            },
            "match": {
              "location": "HooksSteps.genericTearDown(Scenario)"
            }
          }
        ],
        "type": "scenario",
        "keyword": "Scenario",
        "steps": [
          {
            "result": {
              "duration": 4605,
              "status": "skipped"
            },
            "line": 14,
            "name": "a user is on the SEER Data Access landing page",
            "match": {
              "location": "SEERLandingPageSteps.a_user_is_on_the_SEER_Data_Access_landing_page()"
            },
            "keyword": "Given "
          },
          {
            "result": {
              "duration": 3675,
              "status": "skipped"
            },
            "line": 15,
            "name": "user proceeds with email verification for a Non-Institutional Account",
            "match": {
              "location": "SEERUserRegistrationPageSteps.user_proceeds_with_email_verification_for_a_Non_Institutional_Account()"
            },
            "keyword": "And "
          },
          {
            "result": {
              "duration": 3787,
              "status": "skipped"
            },
            "line": 16,
            "name": "entering required information",
            "match": {
              "location": "SEERUserRegistrationPageSteps.entering_required_information()"
            },
            "keyword": "When "
          },
          {
            "result": {
              "duration": 3954,
              "status": "skipped"
            },
            "line": 17,
            "name": "entering and selecting \"United States of America\" for Country field",
            "match": {
              "arguments": [
                {
                  "val": "\"United States of America\"",
                  "offset": 23
                }
              ],
              "location": "SEERUserRegistrationPageSteps.entering_and_selecting_for_Country_field(String)"
            },
            "keyword": "And "
          },
          {
            "result": {
              "duration": 3602,
              "status": "skipped"
            },
            "line": 18,
            "name": "submitting the registration form",
            "match": {
              "location": "SEERUserRegistrationPageSteps.submitting_the_registration_form()"
            },
            "keyword": "And "
          },
          {
            "result": {
              "duration": 3669,
              "status": "skipped"
            },
            "line": 19,
            "name": "the user is not able to submit the registration form because the State and Zip Code fields are required",
            "match": {
              "location": "SEERUserRegistrationPageSteps.the_user_is_not_able_to_submit_the_registration_form_because_the_State_and_Zip_Code_fields_are_required()"
            },
            "keyword": "Then "
          }
        ],
        "tags": [
          {
            "name": "@Smoke"
          },
          {
            "name": "@juarezds"
          }
        ]
      },
      {
        "start_timestamp": "2021-02-26T01:20:13.757Z",
        "before": [
          {
            "result": {
              "error_message": "java.lang.IllegalStateException: The driver executable does not exist: /Users/diegojuarez/backupworkspace/CBIIT-Test-Automation/src/main/java/com/drivers/chromedriver\n\tat com.google.common.base.Preconditions.checkState(Preconditions.java:585)\n\tat org.openqa.selenium.remote.service.DriverService.checkExecutable(DriverService.java:146)\n\tat org.openqa.selenium.remote.service.DriverService.findExecutable(DriverService.java:141)\n\tat org.openqa.selenium.chrome.ChromeDriverService.access$000(ChromeDriverService.java:35)\n\tat org.openqa.selenium.chrome.ChromeDriverService$Builder.findDefaultExecutable(ChromeDriverService.java:159)\n\tat org.openqa.selenium.remote.service.DriverService$Builder.build(DriverService.java:355)\n\tat org.openqa.selenium.chrome.ChromeDriverService.createDefaultService(ChromeDriverService.java:94)\n\tat org.openqa.selenium.chrome.ChromeDriver.\u003cinit\u003e(ChromeDriver.java:157)\n\tat com.nci.automation.web.WebDriverUtils.getWebDriver(WebDriverUtils.java:61)\n\tat ServiceNow.SEER.Steps.HooksSteps.genericSetUp(HooksSteps.java:34)\n\tat java.base/jdk.internal.reflect.NativeMethodAccessorImpl.invoke0(Native Method)\n\tat java.base/jdk.internal.reflect.NativeMethodAccessorImpl.invoke(NativeMethodAccessorImpl.java:64)\n\tat java.base/jdk.internal.reflect.DelegatingMethodAccessorImpl.invoke(DelegatingMethodAccessorImpl.java:43)\n\tat java.base/java.lang.reflect.Method.invoke(Method.java:564)\n\tat cucumber.runtime.Utils$1.call(Utils.java:26)\n\tat cucumber.runtime.Timeout.timeout(Timeout.java:16)\n\tat cucumber.runtime.Utils.invoke(Utils.java:20)\n\tat cucumber.runtime.java.JavaHookDefinition.execute(JavaHookDefinition.java:60)\n\tat cucumber.runner.HookDefinitionMatch.runStep(HookDefinitionMatch.java:16)\n\tat cucumber.runner.TestStep.executeStep(TestStep.java:65)\n\tat cucumber.runner.TestStep.run(TestStep.java:50)\n\tat cucumber.runner.TestCase.run(TestCase.java:42)\n\tat cucumber.runner.Runner.runPickle(Runner.java:49)\n\tat cucumber.runtime.junit.PickleRunners$NoStepDescriptions.run(PickleRunners.java:146)\n\tat cucumber.runtime.junit.FeatureRunner.runChild(FeatureRunner.java:68)\n\tat cucumber.runtime.junit.FeatureRunner.runChild(FeatureRunner.java:23)\n\tat org.junit.runners.ParentRunner$3.run(ParentRunner.java:290)\n\tat org.junit.runners.ParentRunner$1.schedule(ParentRunner.java:71)\n\tat org.junit.runners.ParentRunner.runChildren(ParentRunner.java:288)\n\tat org.junit.runners.ParentRunner.access$000(ParentRunner.java:58)\n\tat org.junit.runners.ParentRunner$2.evaluate(ParentRunner.java:268)\n\tat org.junit.runners.ParentRunner.run(ParentRunner.java:363)\n\tat cucumber.runtime.junit.FeatureRunner.run(FeatureRunner.java:73)\n\tat cucumber.api.junit.Cucumber.runChild(Cucumber.java:123)\n\tat cucumber.api.junit.Cucumber.runChild(Cucumber.java:65)\n\tat org.junit.runners.ParentRunner$3.run(ParentRunner.java:290)\n\tat org.junit.runners.ParentRunner$1.schedule(ParentRunner.java:71)\n\tat org.junit.runners.ParentRunner.runChildren(ParentRunner.java:288)\n\tat org.junit.runners.ParentRunner.access$000(ParentRunner.java:58)\n\tat org.junit.runners.ParentRunner$2.evaluate(ParentRunner.java:268)\n\tat cucumber.api.junit.Cucumber$RunCucumber.evaluate(Cucumber.java:147)\n\tat org.junit.internal.runners.statements.RunBefores.evaluate(RunBefores.java:26)\n\tat org.junit.runners.ParentRunner.run(ParentRunner.java:363)\n\tat org.eclipse.jdt.internal.junit4.runner.JUnit4TestReference.run(JUnit4TestReference.java:89)\n\tat org.eclipse.jdt.internal.junit.runner.TestExecution.run(TestExecution.java:41)\n\tat org.eclipse.jdt.internal.junit.runner.RemoteTestRunner.runTests(RemoteTestRunner.java:542)\n\tat org.eclipse.jdt.internal.junit.runner.RemoteTestRunner.runTests(RemoteTestRunner.java:770)\n\tat org.eclipse.jdt.internal.junit.runner.RemoteTestRunner.run(RemoteTestRunner.java:464)\n\tat org.eclipse.jdt.internal.junit.runner.RemoteTestRunner.main(RemoteTestRunner.java:210)\n",
              "duration": 737167,
              "status": "failed"
            },
            "match": {
              "location": "HooksSteps.genericSetUp(Scenario)"
            }
          }
        ],
        "line": 22,
        "name": "Verifying \"Thank you - your registration is complete.\" page contents",
        "description": "",
        "id": "seer-user-registration-scenarios;verifying-\"thank-you---your-registration-is-complete.\"-page-contents",
        "after": [
          {
            "result": {
              "duration": 19000,
              "status": "passed"
            },
            "match": {
              "location": "HooksSteps.genericTearDown(Scenario)"
            }
          }
        ],
        "type": "scenario",
        "keyword": "Scenario",
        "steps": [
          {
            "result": {
              "duration": 5002,
              "status": "skipped"
            },
            "line": 23,
            "name": "a user is on the SEER Data Access landing page",
            "match": {
              "location": "SEERLandingPageSteps.a_user_is_on_the_SEER_Data_Access_landing_page()"
            },
            "keyword": "Given "
          },
          {
            "result": {
              "duration": 4184,
              "status": "skipped"
            },
            "line": 24,
            "name": "the user enters an email address for Non-Institutional Account",
            "match": {
              "location": "SEERUserRegistrationPageSteps.the_user_enters_an_email_address_for_Non_Institutional_Account()"
            },
            "keyword": "When "
          },
          {
            "result": {
              "duration": 5408,
              "status": "skipped"
            },
            "line": 25,
            "name": "fills out all required fields on SEER Data registration page",
            "match": {
              "location": "SEERUserRegistrationPageSteps.fills_out_all_required_fields_on_SEER_Data_registration_page()"
            },
            "keyword": "And "
          },
          {
            "result": {
              "duration": 3833,
              "status": "skipped"
            },
            "line": 26,
            "name": "submits the registration form",
            "match": {
              "location": "SEERUserRegistrationPageSteps.submits_the_registration_form()"
            },
            "keyword": "And "
          },
          {
            "result": {
              "duration": 3621,
              "status": "skipped"
            },
            "line": 27,
            "name": "the \"Thank you - your registration is complete.\" page displays",
            "match": {
              "arguments": [
                {
                  "val": "\"Thank you - your registration is complete.\"",
                  "offset": 4
                }
              ],
              "location": "SEERUserRegistrationPageSteps.the_page_displays(String)"
            },
            "keyword": "Then "
          },
          {
            "result": {
              "duration": 3487,
              "status": "skipped"
            },
            "line": 28,
            "name": "the page header displays as \"SEER Incidence Database details\"",
            "match": {
              "arguments": [
                {
                  "val": "\"SEER Incidence Database details\"",
                  "offset": 28
                }
              ],
              "location": "SEERUserRegistrationPageSteps.the_page_header_displays_as(String)"
            },
            "keyword": "And "
          },
          {
            "result": {
              "duration": 3651,
              "status": "skipped"
            },
            "line": 29,
            "name": "the following text also displays",
            "match": {
              "location": "SEERUserRegistrationPageSteps.the_following_text_also_displays(String)"
            },
            "keyword": "And ",
            "doc_string": {
              "line": 30,
              "value": "Thank you - your registration is complete.\nYou will recieve a confirmation email with more instructions momentarily.\nOnce the email address you have submitted has been verified you can login and complete the Data Access Request form.\n\nWhat to expect when completing the data access request form:\nThe electronic Data Access Request form requires a brief description of your intended use of the data (based on the type of data being requested). You will also be required to review and agree to the Data Use Agreement (DUA).\nYou will also be required to review and agree to the Best Practices for Securing NCI-supported Registry Data.\nOnce your access is approved, you will receive a username and password for accessing the data through SEER*Stat Software.\nNote for continued or new data release access: Your access will be restricted on April 30th of each year in preparation for the release of updated data. You will need to re-apply for access to the updated database starting April 1st.\n Back to SEER Database details"
            }
          },
          {
            "result": {
              "duration": 3524,
              "status": "skipped"
            },
            "line": 42,
            "name": "the \u003c- Back to SEER Database details button displays",
            "match": {
              "location": "SEERUserRegistrationPageSteps.the_Back_to_SEER_Database_details_button_displays()"
            },
            "keyword": "And "
          },
          {
            "result": {
              "duration": 3556,
              "status": "skipped"
            },
            "line": 43,
            "name": "the following SEER information text displays on the bottom of the page",
            "match": {
              "location": "SEERUserRegistrationPageSteps.the_following_SEER_information_text_displays_on_the_bottom_of_the_page(String)"
            },
            "keyword": "And ",
            "doc_string": {
              "line": 44,
              "value": "SEER is supported by the Surveillance Research Program (SRP) in NCI\u0027s Division of Cancer Control and Population Sciences (DCCPS). SRP provides national leadership in the science of cancer surveillance as well as analytical tools and methodological expertise in collecting, analyzing, interpreting, and disseminating reliable population-based statistics."
            }
          }
        ],
        "tags": [
          {
            "name": "@Smoke"
          },
          {
            "name": "@juarezds"
          }
        ]
      },
      {
        "start_timestamp": "2021-02-26T01:20:13.759Z",
        "before": [
          {
            "result": {
              "error_message": "java.lang.IllegalStateException: The driver executable does not exist: /Users/diegojuarez/backupworkspace/CBIIT-Test-Automation/src/main/java/com/drivers/chromedriver\n\tat com.google.common.base.Preconditions.checkState(Preconditions.java:585)\n\tat org.openqa.selenium.remote.service.DriverService.checkExecutable(DriverService.java:146)\n\tat org.openqa.selenium.remote.service.DriverService.findExecutable(DriverService.java:141)\n\tat org.openqa.selenium.chrome.ChromeDriverService.access$000(ChromeDriverService.java:35)\n\tat org.openqa.selenium.chrome.ChromeDriverService$Builder.findDefaultExecutable(ChromeDriverService.java:159)\n\tat org.openqa.selenium.remote.service.DriverService$Builder.build(DriverService.java:355)\n\tat org.openqa.selenium.chrome.ChromeDriverService.createDefaultService(ChromeDriverService.java:94)\n\tat org.openqa.selenium.chrome.ChromeDriver.\u003cinit\u003e(ChromeDriver.java:157)\n\tat com.nci.automation.web.WebDriverUtils.getWebDriver(WebDriverUtils.java:61)\n\tat ServiceNow.SEER.Steps.HooksSteps.genericSetUp(HooksSteps.java:34)\n\tat java.base/jdk.internal.reflect.NativeMethodAccessorImpl.invoke0(Native Method)\n\tat java.base/jdk.internal.reflect.NativeMethodAccessorImpl.invoke(NativeMethodAccessorImpl.java:64)\n\tat java.base/jdk.internal.reflect.DelegatingMethodAccessorImpl.invoke(DelegatingMethodAccessorImpl.java:43)\n\tat java.base/java.lang.reflect.Method.invoke(Method.java:564)\n\tat cucumber.runtime.Utils$1.call(Utils.java:26)\n\tat cucumber.runtime.Timeout.timeout(Timeout.java:16)\n\tat cucumber.runtime.Utils.invoke(Utils.java:20)\n\tat cucumber.runtime.java.JavaHookDefinition.execute(JavaHookDefinition.java:60)\n\tat cucumber.runner.HookDefinitionMatch.runStep(HookDefinitionMatch.java:16)\n\tat cucumber.runner.TestStep.executeStep(TestStep.java:65)\n\tat cucumber.runner.TestStep.run(TestStep.java:50)\n\tat cucumber.runner.TestCase.run(TestCase.java:42)\n\tat cucumber.runner.Runner.runPickle(Runner.java:49)\n\tat cucumber.runtime.junit.PickleRunners$NoStepDescriptions.run(PickleRunners.java:146)\n\tat cucumber.runtime.junit.FeatureRunner.runChild(FeatureRunner.java:68)\n\tat cucumber.runtime.junit.FeatureRunner.runChild(FeatureRunner.java:23)\n\tat org.junit.runners.ParentRunner$3.run(ParentRunner.java:290)\n\tat org.junit.runners.ParentRunner$1.schedule(ParentRunner.java:71)\n\tat org.junit.runners.ParentRunner.runChildren(ParentRunner.java:288)\n\tat org.junit.runners.ParentRunner.access$000(ParentRunner.java:58)\n\tat org.junit.runners.ParentRunner$2.evaluate(ParentRunner.java:268)\n\tat org.junit.runners.ParentRunner.run(ParentRunner.java:363)\n\tat cucumber.runtime.junit.FeatureRunner.run(FeatureRunner.java:73)\n\tat cucumber.api.junit.Cucumber.runChild(Cucumber.java:123)\n\tat cucumber.api.junit.Cucumber.runChild(Cucumber.java:65)\n\tat org.junit.runners.ParentRunner$3.run(ParentRunner.java:290)\n\tat org.junit.runners.ParentRunner$1.schedule(ParentRunner.java:71)\n\tat org.junit.runners.ParentRunner.runChildren(ParentRunner.java:288)\n\tat org.junit.runners.ParentRunner.access$000(ParentRunner.java:58)\n\tat org.junit.runners.ParentRunner$2.evaluate(ParentRunner.java:268)\n\tat cucumber.api.junit.Cucumber$RunCucumber.evaluate(Cucumber.java:147)\n\tat org.junit.internal.runners.statements.RunBefores.evaluate(RunBefores.java:26)\n\tat org.junit.runners.ParentRunner.run(ParentRunner.java:363)\n\tat org.eclipse.jdt.internal.junit4.runner.JUnit4TestReference.run(JUnit4TestReference.java:89)\n\tat org.eclipse.jdt.internal.junit.runner.TestExecution.run(TestExecution.java:41)\n\tat org.eclipse.jdt.internal.junit.runner.RemoteTestRunner.runTests(RemoteTestRunner.java:542)\n\tat org.eclipse.jdt.internal.junit.runner.RemoteTestRunner.runTests(RemoteTestRunner.java:770)\n\tat org.eclipse.jdt.internal.junit.runner.RemoteTestRunner.run(RemoteTestRunner.java:464)\n\tat org.eclipse.jdt.internal.junit.runner.RemoteTestRunner.main(RemoteTestRunner.java:210)\n",
              "duration": 673486,
              "status": "failed"
            },
            "match": {
              "location": "HooksSteps.genericSetUp(Scenario)"
            }
          }
        ],
        "line": 49,
        "name": "Verifying \u0027SEER Incidence Database\u0027 bread crumb directs user to https://seer.cancer.gov/data/",
        "description": "",
        "id": "seer-user-registration-scenarios;verifying--seer-incidence-database--bread-crumb-directs-user-to-https://seer.cancer.gov/data/",
        "after": [
          {
            "result": {
              "duration": 16885,
              "status": "passed"
            },
            "match": {
              "location": "HooksSteps.genericTearDown(Scenario)"
            }
          }
        ],
        "type": "scenario",
        "keyword": "Scenario",
        "steps": [
          {
            "result": {
              "duration": 6864,
              "status": "skipped"
            },
            "line": 50,
            "name": "a user is on the SEER Data Access landing page",
            "match": {
              "location": "SEERLandingPageSteps.a_user_is_on_the_SEER_Data_Access_landing_page()"
            },
            "keyword": "Given "
          },
          {
            "result": {
              "duration": 4553,
              "status": "skipped"
            },
            "line": 51,
            "name": "the \u0027SEER Incidence Database\u0027 bread crumb displays",
            "match": {
              "arguments": [
                {
                  "val": "\u0027SEER Incidence Database\u0027",
                  "offset": 4
                }
              ],
              "location": "SEERDataAccessRequestPageSteps.the_bread_crumb_displays(String)"
            },
            "keyword": "Then "
          },
          {
            "result": {
              "duration": 16296,
              "status": "skipped"
            },
            "line": 52,
            "name": "when clicking, user is directed to \"https://seer.cancer.gov/data/\"",
            "match": {
              "arguments": [
                {
                  "val": "\"https://seer.cancer.gov/data/\"",
                  "offset": 35
                }
              ],
              "location": "SEERDataAccessRequestPageSteps.when_clicking_user_is_directed_to(String)"
            },
            "keyword": "And "
          },
          {
            "result": {
              "duration": 11258,
              "status": "skipped"
            },
            "line": 53,
            "name": "the user enter an email address for a Non-Institutional Account",
            "match": {
              "location": "SEERUserRegistrationPageSteps.the_user_enter_an_email_address_for_a_Non_Institutional_Account()"
            },
            "keyword": "When "
          },
          {
            "result": {
              "duration": 6480,
              "status": "skipped"
            },
            "line": 54,
            "name": "the user is on the \u0027SEER User Registration\u0027 page",
            "match": {
              "arguments": [
                {
                  "val": "\u0027SEER User Registration\u0027",
                  "offset": 19
                }
              ],
              "location": "SEERDataAccessRequestPageSteps.the_user_is_on_the_page(String)"
            },
            "keyword": "And "
          },
          {
            "result": {
              "duration": 4800,
              "status": "skipped"
            },
            "line": 55,
            "name": "the \u0027SEER Incidence Database\u0027 bread crumb displays",
            "match": {
              "arguments": [
                {
                  "val": "\u0027SEER Incidence Database\u0027",
                  "offset": 4
                }
              ],
              "location": "SEERDataAccessRequestPageSteps.the_bread_crumb_displays(String)"
            },
            "keyword": "Then "
          },
          {
            "result": {
              "duration": 3894,
              "status": "skipped"
            },
            "line": 56,
            "name": "when clicking, user is directed to \"https://seer.cancer.gov/data/\"",
            "match": {
              "arguments": [
                {
                  "val": "\"https://seer.cancer.gov/data/\"",
                  "offset": 35
                }
              ],
              "location": "SEERDataAccessRequestPageSteps.when_clicking_user_is_directed_to(String)"
            },
            "keyword": "And "
          },
          {
            "result": {
              "duration": 6129,
              "status": "skipped"
            },
            "line": 57,
            "name": "fills out all required fields on the SEER Data registration page",
            "match": {
              "location": "SEERUserRegistrationPageSteps.fills_out_all_required_fields_on_the_SEER_Data_registration_page()"
            },
            "keyword": "And "
          },
          {
            "result": {
              "duration": 3963,
              "status": "skipped"
            },
            "line": 58,
            "name": "submits the registration form",
            "match": {
              "location": "SEERUserRegistrationPageSteps.submits_the_registration_form()"
            },
            "keyword": "And "
          },
          {
            "result": {
              "duration": 3447,
              "status": "skipped"
            },
            "line": 59,
            "name": "user is directed to the \u0027Thank you - your registration is complete.\u0027 page",
            "match": {
              "arguments": [
                {
                  "val": "\u0027Thank you - your registration is complete.\u0027",
                  "offset": 24
                }
              ],
              "location": "SEERDataAccessRequestPageSteps.user_is_directed_to_the_page(String)"
            },
            "keyword": "Then "
          },
          {
            "result": {
              "duration": 3449,
              "status": "skipped"
            },
            "line": 60,
            "name": "the \u0027SEER Incidence Database\u0027 bread crumb displays",
            "match": {
              "arguments": [
                {
                  "val": "\u0027SEER Incidence Database\u0027",
                  "offset": 4
                }
              ],
              "location": "SEERDataAccessRequestPageSteps.the_bread_crumb_displays(String)"
            },
            "keyword": "And "
          },
          {
            "result": {
              "duration": 5693,
              "status": "skipped"
            },
            "line": 61,
            "name": "when clicking, user is directed to \"https://seer.cancer.gov/data/\"",
            "match": {
              "arguments": [
                {
                  "val": "\"https://seer.cancer.gov/data/\"",
                  "offset": 35
                }
              ],
              "location": "SEERDataAccessRequestPageSteps.when_clicking_user_is_directed_to(String)"
            },
            "keyword": "And "
          },
          {
            "result": {
              "duration": 6154,
              "status": "skipped"
            },
            "line": 62,
            "name": "user confirms their email address by clicking on the email verifation link sent to the users email address",
            "match": {
              "location": "SEERDataAccessRequestPageSteps.user_confirms_their_email_address_by_clicking_on_the_email_verifation_link_sent_to_the_users_email_address()"
            },
            "keyword": "When "
          },
          {
            "result": {
              "duration": 3794,
              "status": "skipped"
            },
            "line": 63,
            "name": "the user is directed to \u0027SEER Data Access Request\u0027 page",
            "match": {
              "arguments": [
                {
                  "val": "\u0027SEER Data Access Request\u0027",
                  "offset": 24
                }
              ],
              "location": "SEERDataAccessRequestPageSteps.the_user_is_directed_to_page(String)"
            },
            "keyword": "Then "
          },
          {
            "result": {
              "duration": 3709,
              "status": "skipped"
            },
            "line": 64,
            "name": "the \u0027SEER Incidence Database\u0027 bread crumb displays",
            "match": {
              "arguments": [
                {
                  "val": "\u0027SEER Incidence Database\u0027",
                  "offset": 4
                }
              ],
              "location": "SEERDataAccessRequestPageSteps.the_bread_crumb_displays(String)"
            },
            "keyword": "And "
          },
          {
            "result": {
              "duration": 3347,
              "status": "skipped"
            },
            "line": 65,
            "name": "when clicking, user is directed to \"https://seer.cancer.gov/data/\"",
            "match": {
              "arguments": [
                {
                  "val": "\"https://seer.cancer.gov/data/\"",
                  "offset": 35
                }
              ],
              "location": "SEERDataAccessRequestPageSteps.when_clicking_user_is_directed_to(String)"
            },
            "keyword": "And "
          },
          {
            "result": {
              "duration": 3492,
              "status": "skipped"
            },
            "line": 66,
            "name": "the user has to select a general purpose for using the data",
            "match": {
              "location": "SEERDataAccessRequestPageSteps.the_user_has_to_select_a_general_purpose_for_using_the_data()"
            },
            "keyword": "Then "
          },
          {
            "result": {
              "duration": 3541,
              "status": "skipped"
            },
            "line": 67,
            "name": "also has to agree by typing initials to the Data Use Agreement Certification and Best Practice Assurance",
            "match": {
              "location": "SEERDataAccessRequestPageSteps.also_has_to_agree_by_typing_initials_to_the_Data_Use_Agreement_Certification_and_Best_Practice_Assurance()"
            },
            "keyword": "And "
          },
          {
            "result": {
              "duration": 40247,
              "status": "skipped"
            },
            "line": 68,
            "name": "successfully submitting the SEER Data Request form",
            "match": {
              "location": "SEERDataAccessRequestPageSteps.successfully_submitting_the_SEER_Data_Request_form()"
            },
            "keyword": "When "
          },
          {
            "result": {
              "duration": 2556,
              "status": "skipped"
            },
            "line": 69,
            "name": "the page \u0027Thank you - your data access request is complete.\u0027 displays",
            "match": {
              "arguments": [
                {
                  "val": "\u0027Thank you - your data access request is complete.\u0027",
                  "offset": 9
                }
              ],
              "location": "SEERDataAccessRequestPageSteps.the_page_displays(String)"
            },
            "keyword": "Then "
          },
          {
            "result": {
              "duration": 2479,
              "status": "skipped"
            },
            "line": 70,
            "name": "the \u0027SEER Incidence Database\u0027 bread crumb displays",
            "match": {
              "arguments": [
                {
                  "val": "\u0027SEER Incidence Database\u0027",
                  "offset": 4
                }
              ],
              "location": "SEERDataAccessRequestPageSteps.the_bread_crumb_displays(String)"
            },
            "keyword": "And "
          },
          {
            "result": {
              "duration": 2433,
              "status": "skipped"
            },
            "line": 71,
            "name": "when clicking, user is directed to \"https://seer.cancer.gov/data/\"",
            "match": {
              "arguments": [
                {
                  "val": "\"https://seer.cancer.gov/data/\"",
                  "offset": 35
                }
              ],
              "location": "SEERDataAccessRequestPageSteps.when_clicking_user_is_directed_to(String)"
            },
            "keyword": "And "
          }
        ],
        "tags": [
          {
            "name": "@Smoke"
          },
          {
            "name": "@juarezds"
          }
        ]
      },
      {
        "start_timestamp": "2021-02-26T01:20:13.762Z",
        "before": [
          {
            "result": {
              "error_message": "java.lang.IllegalStateException: The driver executable does not exist: /Users/diegojuarez/backupworkspace/CBIIT-Test-Automation/src/main/java/com/drivers/chromedriver\n\tat com.google.common.base.Preconditions.checkState(Preconditions.java:585)\n\tat org.openqa.selenium.remote.service.DriverService.checkExecutable(DriverService.java:146)\n\tat org.openqa.selenium.remote.service.DriverService.findExecutable(DriverService.java:141)\n\tat org.openqa.selenium.chrome.ChromeDriverService.access$000(ChromeDriverService.java:35)\n\tat org.openqa.selenium.chrome.ChromeDriverService$Builder.findDefaultExecutable(ChromeDriverService.java:159)\n\tat org.openqa.selenium.remote.service.DriverService$Builder.build(DriverService.java:355)\n\tat org.openqa.selenium.chrome.ChromeDriverService.createDefaultService(ChromeDriverService.java:94)\n\tat org.openqa.selenium.chrome.ChromeDriver.\u003cinit\u003e(ChromeDriver.java:157)\n\tat com.nci.automation.web.WebDriverUtils.getWebDriver(WebDriverUtils.java:61)\n\tat ServiceNow.SEER.Steps.HooksSteps.genericSetUp(HooksSteps.java:34)\n\tat java.base/jdk.internal.reflect.NativeMethodAccessorImpl.invoke0(Native Method)\n\tat java.base/jdk.internal.reflect.NativeMethodAccessorImpl.invoke(NativeMethodAccessorImpl.java:64)\n\tat java.base/jdk.internal.reflect.DelegatingMethodAccessorImpl.invoke(DelegatingMethodAccessorImpl.java:43)\n\tat java.base/java.lang.reflect.Method.invoke(Method.java:564)\n\tat cucumber.runtime.Utils$1.call(Utils.java:26)\n\tat cucumber.runtime.Timeout.timeout(Timeout.java:16)\n\tat cucumber.runtime.Utils.invoke(Utils.java:20)\n\tat cucumber.runtime.java.JavaHookDefinition.execute(JavaHookDefinition.java:60)\n\tat cucumber.runner.HookDefinitionMatch.runStep(HookDefinitionMatch.java:16)\n\tat cucumber.runner.TestStep.executeStep(TestStep.java:65)\n\tat cucumber.runner.TestStep.run(TestStep.java:50)\n\tat cucumber.runner.TestCase.run(TestCase.java:42)\n\tat cucumber.runner.Runner.runPickle(Runner.java:49)\n\tat cucumber.runtime.junit.PickleRunners$NoStepDescriptions.run(PickleRunners.java:146)\n\tat cucumber.runtime.junit.FeatureRunner.runChild(FeatureRunner.java:68)\n\tat cucumber.runtime.junit.FeatureRunner.runChild(FeatureRunner.java:23)\n\tat org.junit.runners.ParentRunner$3.run(ParentRunner.java:290)\n\tat org.junit.runners.ParentRunner$1.schedule(ParentRunner.java:71)\n\tat org.junit.runners.ParentRunner.runChildren(ParentRunner.java:288)\n\tat org.junit.runners.ParentRunner.access$000(ParentRunner.java:58)\n\tat org.junit.runners.ParentRunner$2.evaluate(ParentRunner.java:268)\n\tat org.junit.runners.ParentRunner.run(ParentRunner.java:363)\n\tat cucumber.runtime.junit.FeatureRunner.run(FeatureRunner.java:73)\n\tat cucumber.api.junit.Cucumber.runChild(Cucumber.java:123)\n\tat cucumber.api.junit.Cucumber.runChild(Cucumber.java:65)\n\tat org.junit.runners.ParentRunner$3.run(ParentRunner.java:290)\n\tat org.junit.runners.ParentRunner$1.schedule(ParentRunner.java:71)\n\tat org.junit.runners.ParentRunner.runChildren(ParentRunner.java:288)\n\tat org.junit.runners.ParentRunner.access$000(ParentRunner.java:58)\n\tat org.junit.runners.ParentRunner$2.evaluate(ParentRunner.java:268)\n\tat cucumber.api.junit.Cucumber$RunCucumber.evaluate(Cucumber.java:147)\n\tat org.junit.internal.runners.statements.RunBefores.evaluate(RunBefores.java:26)\n\tat org.junit.runners.ParentRunner.run(ParentRunner.java:363)\n\tat org.eclipse.jdt.internal.junit4.runner.JUnit4TestReference.run(JUnit4TestReference.java:89)\n\tat org.eclipse.jdt.internal.junit.runner.TestExecution.run(TestExecution.java:41)\n\tat org.eclipse.jdt.internal.junit.runner.RemoteTestRunner.runTests(RemoteTestRunner.java:542)\n\tat org.eclipse.jdt.internal.junit.runner.RemoteTestRunner.runTests(RemoteTestRunner.java:770)\n\tat org.eclipse.jdt.internal.junit.runner.RemoteTestRunner.run(RemoteTestRunner.java:464)\n\tat org.eclipse.jdt.internal.junit.runner.RemoteTestRunner.main(RemoteTestRunner.java:210)\n",
              "duration": 747321,
              "status": "failed"
            },
            "match": {
              "location": "HooksSteps.genericSetUp(Scenario)"
            }
          }
        ],
        "line": 74,
        "name": "Verifying bread crumbs on \"Thank you - your registration is complete.\" page",
        "description": "",
        "id": "seer-user-registration-scenarios;verifying-bread-crumbs-on-\"thank-you---your-registration-is-complete.\"-page",
        "after": [
          {
            "result": {
              "duration": 15245,
              "status": "passed"
            },
            "match": {
              "location": "HooksSteps.genericTearDown(Scenario)"
            }
          }
        ],
        "type": "scenario",
        "keyword": "Scenario",
        "steps": [
          {
            "result": {
              "duration": 6149,
              "status": "skipped"
            },
            "line": 75,
            "name": "a user is on the SEER Data Access landing page",
            "match": {
              "location": "SEERLandingPageSteps.a_user_is_on_the_SEER_Data_Access_landing_page()"
            },
            "keyword": "Given "
          },
          {
            "result": {
              "duration": 3791,
              "status": "skipped"
            },
            "line": 76,
            "name": "user enters email address for a Non-Institutional Account",
            "match": {
              "location": "SEERUserRegistrationPageSteps.user_enters_email_address_for_a_Non_Institutional_Account()"
            },
            "keyword": "When "
          },
          {
            "result": {
              "duration": 2777,
              "status": "skipped"
            },
            "line": 77,
            "name": "fills out all required fields on SEER Data registration page",
            "match": {
              "location": "SEERUserRegistrationPageSteps.fills_out_all_required_fields_on_SEER_Data_registration_page()"
            },
            "keyword": "And "
          },
          {
            "result": {
              "duration": 2457,
              "status": "skipped"
            },
            "line": 78,
            "name": "submits the registration form",
            "match": {
              "location": "SEERUserRegistrationPageSteps.submits_the_registration_form()"
            },
            "keyword": "And "
          },
          {
            "result": {
              "duration": 2480,
              "status": "skipped"
            },
            "line": 79,
            "name": "user is directed to the \u0027Thank you - your registration is complete.\u0027 page",
            "match": {
              "arguments": [
                {
                  "val": "\u0027Thank you - your registration is complete.\u0027",
                  "offset": 24
                }
              ],
              "location": "SEERDataAccessRequestPageSteps.user_is_directed_to_the_page(String)"
            },
            "keyword": "Then "
          },
          {
            "result": {
              "duration": 2488,
              "status": "skipped"
            },
            "line": 80,
            "name": "the following breadcrumbs are displayed \"Home\", \"SEER Data \u0026 Software\", \"SEER Incidence Database\", \"Request SEER Incidence Data\", \"Submission Confirmation\"",
            "match": {
              "arguments": [
                {
                  "val": "\"Home\"",
                  "offset": 40
                },
                {
                  "val": "\"SEER Data \u0026 Software\"",
                  "offset": 48
                },
                {
                  "val": "\"SEER Incidence Database\"",
                  "offset": 72
                },
                {
                  "val": "\"Request SEER Incidence Data\"",
                  "offset": 99
                },
                {
                  "val": "\"Submission Confirmation\"",
                  "offset": 130
                }
              ],
              "location": "SEERUserRegistrationPageSteps.the_following_breadcrumbs_are_displayed(String,String,String,String,String)"
            },
            "keyword": "Then "
          },
          {
            "result": {
              "duration": 2352,
              "status": "skipped"
            },
            "line": 81,
            "name": "the \u0027SEER Incidence Database\u0027 bread crumb displays",
            "match": {
              "arguments": [
                {
                  "val": "\u0027SEER Incidence Database\u0027",
                  "offset": 4
                }
              ],
              "location": "SEERDataAccessRequestPageSteps.the_bread_crumb_displays(String)"
            },
            "keyword": "And "
          },
          {
            "result": {
              "duration": 2457,
              "status": "skipped"
            },
            "line": 82,
            "name": "when clicking, user is directed to \"https://seer.cancer.gov/data/\"",
            "match": {
              "arguments": [
                {
                  "val": "\"https://seer.cancer.gov/data/\"",
                  "offset": 35
                }
              ],
              "location": "SEERDataAccessRequestPageSteps.when_clicking_user_is_directed_to(String)"
            },
            "keyword": "And "
          }
        ],
        "tags": [
          {
            "name": "@Smoke"
          },
          {
            "name": "@juarezds"
          }
        ]
      }
    ],
    "name": "SEER User Registration Scenarios",
    "description": "",
    "id": "seer-user-registration-scenarios",
    "keyword": "Feature",
    "uri": "file:src/test/java/ServiceNow/SEER/Features/SEERUserRegistrationPage.feature",
    "tags": []
  }
]